2019-11-17 22:33:40 =ERROR REPORT====
** Generic server tzdata_release_updater terminating 
** Last message in was check_if_time_to_update
** When Server state == []
** Reason for termination ==
** {badarg,[{ets,lookup_element,[hackney_config,mod_metrics,2],[]},{hackney_metrics,get_engine,0,[{file,"/Users/castilho/elixir/src/github.com/rzcastilho/pubbot/deps/hackney/src/hackney_metrics.erl"},{line,26}]},{hackney_connect,create_connection,5,[{file,"/Users/castilho/elixir/src/github.com/rzcastilho/pubbot/deps/hackney/src/hackney_connect.erl"},{line,78}]},{hackney_connect,connect,5,[{file,"/Users/castilho/elixir/src/github.com/rzcastilho/pubbot/deps/hackney/src/hackney_connect.erl"},{line,47}]},{hackney,request,5,[{file,"/Users/castilho/elixir/src/github.com/rzcastilho/pubbot/deps/hackney/src/hackney.erl"},{line,333}]},{'Elixir.Tzdata.HTTPClient.Hackney',head,3,[{file,"lib/tzdata/http_client/hackney.ex"},{line,17}]},{'Elixir.Tzdata.DataLoader',last_modified_of_latest_available,1,[{file,"lib/tzdata/data_loader.ex"},{line,46}]},{'Elixir.Tzdata.ReleaseUpdater','loaded_tzdata_matches_remote_last_modified?',0,[{file,"lib/tzdata/release_updater.ex"},{line,81}]}]}
2019-11-17 22:33:40 =CRASH REPORT====
  crasher:
    initial call: Elixir.Tzdata.ReleaseUpdater:init/1
    pid: <0.1638.0>
    registered_name: tzdata_release_updater
    exception error: bad argument: [{ets,lookup_element,[hackney_config,mod_metrics,2],[]},{hackney_metrics,get_engine,0,[{file,"/Users/castilho/elixir/src/github.com/rzcastilho/pubbot/deps/hackney/src/hackney_metrics.erl"},{line,26}]},{hackney_connect,create_connection,5,[{file,"/Users/castilho/elixir/src/github.com/rzcastilho/pubbot/deps/hackney/src/hackney_connect.erl"},{line,78}]},{hackney_connect,connect,5,[{file,"/Users/castilho/elixir/src/github.com/rzcastilho/pubbot/deps/hackney/src/hackney_connect.erl"},{line,47}]},{hackney,request,5,[{file,"/Users/castilho/elixir/src/github.com/rzcastilho/pubbot/deps/hackney/src/hackney.erl"},{line,333}]},{'Elixir.Tzdata.HTTPClient.Hackney',head,3,[{file,"lib/tzdata/http_client/hackney.ex"},{line,17}]},{'Elixir.Tzdata.DataLoader',last_modified_of_latest_available,1,[{file,"lib/tzdata/data_loader.ex"},{line,46}]},{'Elixir.Tzdata.ReleaseUpdater','loaded_tzdata_matches_remote_last_modified?',0,[{file,"lib/tzdata/release_updater.ex"},{line,81}]}]
    ancestors: [<0.1632.0>,<0.1631.0>]
    message_queue_len: 0
    messages: []
    links: [<0.1632.0>]
    dictionary: []
    trap_exit: false
    status: running
    heap_size: 10958
    stack_size: 27
    reductions: 7239
  neighbours:
2019-11-17 22:33:40 =SUPERVISOR REPORT====
     Supervisor: {<0.1632.0>,'Elixir.Supervisor.Default'}
     Context:    child_terminated
     Reason:     {badarg,[{ets,lookup_element,[hackney_config,mod_metrics,2],[]},{hackney_metrics,get_engine,0,[{file,"/Users/castilho/elixir/src/github.com/rzcastilho/pubbot/deps/hackney/src/hackney_metrics.erl"},{line,26}]},{hackney_connect,create_connection,5,[{file,"/Users/castilho/elixir/src/github.com/rzcastilho/pubbot/deps/hackney/src/hackney_connect.erl"},{line,78}]},{hackney_connect,connect,5,[{file,"/Users/castilho/elixir/src/github.com/rzcastilho/pubbot/deps/hackney/src/hackney_connect.erl"},{line,47}]},{hackney,request,5,[{file,"/Users/castilho/elixir/src/github.com/rzcastilho/pubbot/deps/hackney/src/hackney.erl"},{line,333}]},{'Elixir.Tzdata.HTTPClient.Hackney',head,3,[{file,"lib/tzdata/http_client/hackney.ex"},{line,17}]},{'Elixir.Tzdata.DataLoader',last_modified_of_latest_available,1,[{file,"lib/tzdata/data_loader.ex"},{line,46}]},{'Elixir.Tzdata.ReleaseUpdater','loaded_tzdata_matches_remote_last_modified?',0,[{file,"lib/tzdata/release_updater.ex"},{line,81}]}]}
     Offender:   [{pid,<0.1638.0>},{id,'Elixir.Tzdata.ReleaseUpdater'},{mfargs,{'Elixir.Tzdata.ReleaseUpdater',start_link,[]}},{restart_type,permanent},{shutdown,5000},{child_type,worker}]

2019-11-17 22:37:00 =ERROR REPORT====
** Task <0.361.0> terminating
** Started from <0.360.0>
** When function  == #Fun<Elixir.Quantum.Executor.7.12665260>
**      arguments == []
** Reason for termination == 
** {'function not exported',[{'Elixir.Pubbot',test1,[[{username,<<"guest">>},{password,<<"guest">>},{virtual_host,<<"/">>},{host,<<"localhost">>},{port,5672}],<<"amqp.notificacao">>,<<>>,<<"templates/some_event.eex">>],[]},{'Elixir.Quantum.Executor','-run/4-fun-3-',3,[{file,"lib/quantum/executor.ex"},{line,141}]},{'Elixir.Task.Supervised',invoke_mfa,2,[{file,"lib/task/supervised.ex"},{line,90}]},{'Elixir.Task.Supervised',reply,5,[{file,"lib/task/supervised.ex"},{line,35}]},{proc_lib,init_p_do_apply,3,[{file,"proc_lib.erl"},{line,249}]}]}
2019-11-17 22:37:00 =CRASH REPORT====
  crasher:
    initial call: Elixir.Quantum.Executor:-run/4-fun-3-/0
    pid: <0.361.0>
    registered_name: []
    exception error: {undef,[{'Elixir.Pubbot',test1,[[{username,<<"guest">>},{password,<<"guest">>},{virtual_host,<<"/">>},{host,<<"localhost">>},{port,5672}],<<"amqp.notificacao">>,<<>>,<<"templates/some_event.eex">>],[]},{'Elixir.Quantum.Executor','-run/4-fun-3-',3,[{file,"lib/quantum/executor.ex"},{line,141}]},{'Elixir.Task.Supervised',invoke_mfa,2,[{file,"lib/task/supervised.ex"},{line,90}]},{'Elixir.Task.Supervised',reply,5,[{file,"lib/task/supervised.ex"},{line,35}]},{proc_lib,init_p_do_apply,3,[{file,"proc_lib.erl"},{line,249}]}]}
    ancestors: ['Elixir.Pubbot.Scheduler.Task.Supervisor',<0.349.0>,'Elixir.Pubbot.Supervisor',<0.347.0>]
    message_queue_len: 0
    messages: []
    links: [<0.350.0>]
    dictionary: [{'$callers',[<0.360.0>,<0.355.0>]}]
    trap_exit: false
    status: running
    heap_size: 10958
    stack_size: 27
    reductions: 5489
  neighbours:
2019-11-17 22:37:00 =SUPERVISOR REPORT====
     Supervisor: {local,'Elixir.Pubbot.Scheduler.Task.Supervisor'}
     Context:    child_terminated
     Reason:     {undef,[{'Elixir.Pubbot',test1,[[{username,<<"guest">>},{password,<<"guest">>},{virtual_host,<<"/">>},{host,<<"localhost">>},{port,5672}],<<"amqp.notificacao">>,<<>>,<<"templates/some_event.eex">>],[]},{'Elixir.Quantum.Executor','-run/4-fun-3-',3,[{file,"lib/quantum/executor.ex"},{line,141}]},{'Elixir.Task.Supervised',invoke_mfa,2,[{file,"lib/task/supervised.ex"},{line,90}]},{'Elixir.Task.Supervised',reply,5,[{file,"lib/task/supervised.ex"},{line,35}]},{proc_lib,init_p_do_apply,3,[{file,"proc_lib.erl"},{line,249}]}]}
     Offender:   [{pid,<0.361.0>},{id,undefined},{mfargs,{'Elixir.Task.Supervised',start_link,undefined}},{restart_type,temporary},{shutdown,5000},{child_type,worker}]

2019-11-17 22:38:00 =ERROR REPORT====
** Task <0.363.0> terminating
** Started from <0.362.0>
** When function  == #Fun<Elixir.Quantum.Executor.7.12665260>
**      arguments == []
** Reason for termination == 
** {'function not exported',[{'Elixir.Pubbot',test1,[[{username,<<"guest">>},{password,<<"guest">>},{virtual_host,<<"/">>},{host,<<"localhost">>},{port,5672}],<<"amqp.notificacao">>,<<>>,<<"templates/some_event.eex">>],[]},{'Elixir.Quantum.Executor','-run/4-fun-3-',3,[{file,"lib/quantum/executor.ex"},{line,141}]},{'Elixir.Task.Supervised',invoke_mfa,2,[{file,"lib/task/supervised.ex"},{line,90}]},{'Elixir.Task.Supervised',reply,5,[{file,"lib/task/supervised.ex"},{line,35}]},{proc_lib,init_p_do_apply,3,[{file,"proc_lib.erl"},{line,249}]}]}
2019-11-17 22:38:00 =CRASH REPORT====
  crasher:
    initial call: Elixir.Quantum.Executor:-run/4-fun-3-/0
    pid: <0.363.0>
    registered_name: []
    exception error: {undef,[{'Elixir.Pubbot',test1,[[{username,<<"guest">>},{password,<<"guest">>},{virtual_host,<<"/">>},{host,<<"localhost">>},{port,5672}],<<"amqp.notificacao">>,<<>>,<<"templates/some_event.eex">>],[]},{'Elixir.Quantum.Executor','-run/4-fun-3-',3,[{file,"lib/quantum/executor.ex"},{line,141}]},{'Elixir.Task.Supervised',invoke_mfa,2,[{file,"lib/task/supervised.ex"},{line,90}]},{'Elixir.Task.Supervised',reply,5,[{file,"lib/task/supervised.ex"},{line,35}]},{proc_lib,init_p_do_apply,3,[{file,"proc_lib.erl"},{line,249}]}]}
    ancestors: ['Elixir.Pubbot.Scheduler.Task.Supervisor',<0.349.0>,'Elixir.Pubbot.Supervisor',<0.347.0>]
    message_queue_len: 0
    messages: []
    links: [<0.350.0>]
    dictionary: [{'$callers',[<0.362.0>,<0.355.0>]}]
    trap_exit: false
    status: running
    heap_size: 10958
    stack_size: 27
    reductions: 5047
  neighbours:
2019-11-17 22:38:00 =SUPERVISOR REPORT====
     Supervisor: {local,'Elixir.Pubbot.Scheduler.Task.Supervisor'}
     Context:    child_terminated
     Reason:     {undef,[{'Elixir.Pubbot',test1,[[{username,<<"guest">>},{password,<<"guest">>},{virtual_host,<<"/">>},{host,<<"localhost">>},{port,5672}],<<"amqp.notificacao">>,<<>>,<<"templates/some_event.eex">>],[]},{'Elixir.Quantum.Executor','-run/4-fun-3-',3,[{file,"lib/quantum/executor.ex"},{line,141}]},{'Elixir.Task.Supervised',invoke_mfa,2,[{file,"lib/task/supervised.ex"},{line,90}]},{'Elixir.Task.Supervised',reply,5,[{file,"lib/task/supervised.ex"},{line,35}]},{proc_lib,init_p_do_apply,3,[{file,"proc_lib.erl"},{line,249}]}]}
     Offender:   [{pid,<0.363.0>},{id,undefined},{mfargs,{'Elixir.Task.Supervised',start_link,undefined}},{restart_type,temporary},{shutdown,5000},{child_type,worker}]

2019-11-17 22:47:00 =ERROR REPORT====
** Task <0.359.0> terminating
** Started from <0.358.0>
** When function  == #Fun<Elixir.Quantum.Executor.7.12665260>
**      arguments == []
** Reason for termination == 
** {'function not exported',[{'Elixir.Pubbot',publish,[[{username,<<"guest">>},{password,<<"guest">>},{virtual_host,<<"/">>},{host,<<"localhost">>},{port,5672}],<<"amqp.notificacao">>,<<>>,<<"templates/some_event.eex">>],[]},{'Elixir.Quantum.Executor','-run/4-fun-3-',3,[{file,"lib/quantum/executor.ex"},{line,141}]},{'Elixir.Task.Supervised',invoke_mfa,2,[{file,"lib/task/supervised.ex"},{line,90}]},{'Elixir.Task.Supervised',reply,5,[{file,"lib/task/supervised.ex"},{line,35}]},{proc_lib,init_p_do_apply,3,[{file,"proc_lib.erl"},{line,249}]}]}
2019-11-17 22:47:00 =CRASH REPORT====
  crasher:
    initial call: Elixir.Quantum.Executor:-run/4-fun-3-/0
    pid: <0.359.0>
    registered_name: []
    exception error: {undef,[{'Elixir.Pubbot',publish,[[{username,<<"guest">>},{password,<<"guest">>},{virtual_host,<<"/">>},{host,<<"localhost">>},{port,5672}],<<"amqp.notificacao">>,<<>>,<<"templates/some_event.eex">>],[]},{'Elixir.Quantum.Executor','-run/4-fun-3-',3,[{file,"lib/quantum/executor.ex"},{line,141}]},{'Elixir.Task.Supervised',invoke_mfa,2,[{file,"lib/task/supervised.ex"},{line,90}]},{'Elixir.Task.Supervised',reply,5,[{file,"lib/task/supervised.ex"},{line,35}]},{proc_lib,init_p_do_apply,3,[{file,"proc_lib.erl"},{line,249}]}]}
    ancestors: ['Elixir.Pubbot.Scheduler.Task.Supervisor',<0.349.0>,'Elixir.Pubbot.Supervisor',<0.347.0>]
    message_queue_len: 0
    messages: []
    links: [<0.350.0>]
    dictionary: [{'$callers',[<0.358.0>,<0.355.0>]}]
    trap_exit: false
    status: running
    heap_size: 10958
    stack_size: 27
    reductions: 5420
  neighbours:
2019-11-17 22:47:00 =SUPERVISOR REPORT====
     Supervisor: {local,'Elixir.Pubbot.Scheduler.Task.Supervisor'}
     Context:    child_terminated
     Reason:     {undef,[{'Elixir.Pubbot',publish,[[{username,<<"guest">>},{password,<<"guest">>},{virtual_host,<<"/">>},{host,<<"localhost">>},{port,5672}],<<"amqp.notificacao">>,<<>>,<<"templates/some_event.eex">>],[]},{'Elixir.Quantum.Executor','-run/4-fun-3-',3,[{file,"lib/quantum/executor.ex"},{line,141}]},{'Elixir.Task.Supervised',invoke_mfa,2,[{file,"lib/task/supervised.ex"},{line,90}]},{'Elixir.Task.Supervised',reply,5,[{file,"lib/task/supervised.ex"},{line,35}]},{proc_lib,init_p_do_apply,3,[{file,"proc_lib.erl"},{line,249}]}]}
     Offender:   [{pid,<0.359.0>},{id,undefined},{mfargs,{'Elixir.Task.Supervised',start_link,undefined}},{restart_type,temporary},{shutdown,5000},{child_type,worker}]

2019-11-17 22:55:00 =ERROR REPORT====
** Task <0.324.0> terminating
** Started from <0.321.0>
** When function  == #Fun<Elixir.Quantum.Executor.7.12665260>
**      arguments == []
** Reason for termination == 
** {#{'__exception__' => true,'__struct__' => 'Elixir.CompileError',description => <<"expected \"assigns\" to expand to an existing variable or be part of a match">>,file => <<"templates/hello.eex">>,line => 2},[{'Elixir.Kernel','var!',1,[{file,"expanding macro"}]},{elixir_compiler_0,'__FILE__',1,[{file,"templates/hello.eex"},{line,2}]}]}
2019-11-17 22:55:00 =CRASH REPORT====
  crasher:
    initial call: Elixir.Quantum.Executor:-run/4-fun-3-/0
    pid: <0.324.0>
    registered_name: []
    exception error: {#{'__exception__' => true,'__struct__' => 'Elixir.CompileError',description => <<"expected \"assigns\" to expand to an existing variable or be part of a match">>,file => <<"templates/hello.eex">>,line => 2},[{'Elixir.Kernel','var!',1,[{file,"expanding macro"}]},{elixir_compiler_0,'__FILE__',1,[{file,"templates/hello.eex"},{line,2}]}]}
    ancestors: ['Elixir.Pubbot.Scheduler.Task.Supervisor',<0.310.0>,'Elixir.Pubbot.Supervisor',<0.308.0>]
    message_queue_len: 0
    messages: []
    links: [<0.311.0>]
    dictionary: [{gen_server_call_timeout,60000},{'$callers',[<0.321.0>,<0.316.0>]}]
    trap_exit: false
    status: running
    heap_size: 6772
    stack_size: 27
    reductions: 4495
  neighbours:
2019-11-17 22:55:00 =SUPERVISOR REPORT====
     Supervisor: {local,'Elixir.Pubbot.Scheduler.Task.Supervisor'}
     Context:    child_terminated
     Reason:     {#{'__exception__' => true,'__struct__' => 'Elixir.CompileError',description => <<"expected \"assigns\" to expand to an existing variable or be part of a match">>,file => <<"templates/hello.eex">>,line => 2},[{'Elixir.Kernel','var!',1,[{file,"expanding macro"}]},{elixir_compiler_0,'__FILE__',1,[{file,"templates/hello.eex"},{line,2}]}]}
     Offender:   [{pid,<0.324.0>},{id,undefined},{mfargs,{'Elixir.Task.Supervised',start_link,undefined}},{restart_type,temporary},{shutdown,5000},{child_type,worker}]

